<?xml version="1.0" encoding="UTF-8"?>
<testng-results skipped="0" failed="1" ignored="0" total="2" passed="1">
  <reporter-output>
  </reporter-output>
  <suite name="RBShoeStoreSuite" duration-ms="71285" started-at="2017-04-06T18:20:58Z" finished-at="2017-04-06T18:22:09Z">
    <groups>
    </groups>
    <test name="RBShoeStore" duration-ms="71285" started-at="2017-04-06T18:20:58Z" finished-at="2017-04-06T18:22:09Z">
      <class name="tst.shoestore.ShoeStore">
        <test-method status="PASS" signature="beforeMethod(java.lang.String)[pri:0, instance:tst.shoestore.ShoeStore@7ac7a4e4]" name="beforeMethod" is-config="true" duration-ms="7425" started-at="2017-04-06T23:50:58Z" finished-at="2017-04-06T23:51:06Z">
          <params>
            <param index="0">
              <value>
                <![CDATA[chrome]]>
              </value>
            </param>
          </params>
          <reporter-output>
          </reporter-output>
        </test-method> <!-- beforeMethod -->
        <test-method status="FAIL" signature="monthNewReleaseDisplay()[pri:0, instance:tst.shoestore.ShoeStore@7ac7a4e4]" name="monthNewReleaseDisplay" duration-ms="26267" started-at="2017-04-06T23:51:06Z" finished-at="2017-04-06T23:51:32Z">
          <exception class="java.lang.AssertionError">
            <message>
              <![CDATA[expected [All listed shoes have valid description, price and image] but found [There is no image for 1 shoe item in November's products]]]>
            </message>
            <full-stacktrace>
              <![CDATA[java.lang.AssertionError: expected [All listed shoes have valid description, price and image] but found [There is no image for 1 shoe item in November's products]
	at org.testng.Assert.fail(Assert.java:93)
	at org.testng.Assert.failNotEquals(Assert.java:512)
	at org.testng.Assert.assertEqualsImpl(Assert.java:134)
	at org.testng.Assert.assertEquals(Assert.java:115)
	at org.testng.Assert.assertEquals(Assert.java:189)
	at org.testng.Assert.assertEquals(Assert.java:199)
	at tst.shoestore.ShoeStore.monthNewReleaseDisplay(ShoeStore.java:38)
	at sun.reflect.NativeMethodAccessorImpl.invoke0(Native Method)
	at sun.reflect.NativeMethodAccessorImpl.invoke(NativeMethodAccessorImpl.java:62)
	at sun.reflect.DelegatingMethodAccessorImpl.invoke(DelegatingMethodAccessorImpl.java:43)
	at java.lang.reflect.Method.invoke(Method.java:498)
	at org.testng.internal.MethodInvocationHelper.invokeMethod(MethodInvocationHelper.java:108)
	at org.testng.internal.Invoker.invokeMethod(Invoker.java:661)
	at org.testng.internal.Invoker.invokeTestMethod(Invoker.java:869)
	at org.testng.internal.Invoker.invokeTestMethods(Invoker.java:1193)
	at org.testng.internal.TestMethodWorker.invokeTestMethods(TestMethodWorker.java:126)
	at org.testng.internal.TestMethodWorker.run(TestMethodWorker.java:109)
	at org.testng.TestRunner.privateRun(TestRunner.java:744)
	at org.testng.TestRunner.run(TestRunner.java:602)
	at org.testng.SuiteRunner.runTest(SuiteRunner.java:380)
	at org.testng.SuiteRunner.runSequentially(SuiteRunner.java:375)
	at org.testng.SuiteRunner.privateRun(SuiteRunner.java:340)
	at org.testng.SuiteRunner.run(SuiteRunner.java:289)
	at org.testng.SuiteRunnerWorker.runSuite(SuiteRunnerWorker.java:52)
	at org.testng.SuiteRunnerWorker.run(SuiteRunnerWorker.java:86)
	at org.testng.TestNG.runSuitesSequentially(TestNG.java:1301)
	at org.testng.TestNG.runSuitesLocally(TestNG.java:1226)
	at org.testng.TestNG.runSuites(TestNG.java:1144)
	at org.testng.TestNG.run(TestNG.java:1115)
	at org.testng.remote.AbstractRemoteTestNG.run(AbstractRemoteTestNG.java:132)
	at org.testng.remote.RemoteTestNG.initAndRun(RemoteTestNG.java:230)
	at org.testng.remote.RemoteTestNG.main(RemoteTestNG.java:76)
]]>
            </full-stacktrace>
          </exception> <!-- java.lang.AssertionError -->
          <reporter-output>
          </reporter-output>
        </test-method> <!-- monthNewReleaseDisplay -->
        <test-method status="PASS" signature="afterMethod()[pri:0, instance:tst.shoestore.ShoeStore@7ac7a4e4]" name="afterMethod" is-config="true" duration-ms="1073" started-at="2017-04-06T23:51:32Z" finished-at="2017-04-06T23:51:33Z">
          <reporter-output>
          </reporter-output>
        </test-method> <!-- afterMethod -->
        <test-method status="PASS" signature="beforeMethod(java.lang.String)[pri:0, instance:tst.shoestore.ShoeStore@7ac7a4e4]" name="beforeMethod" is-config="true" duration-ms="7731" started-at="2017-04-06T23:51:33Z" finished-at="2017-04-06T23:51:41Z">
          <params>
            <param index="0">
              <value>
                <![CDATA[chrome]]>
              </value>
            </param>
          </params>
          <reporter-output>
          </reporter-output>
        </test-method> <!-- beforeMethod -->
        <test-method status="PASS" signature="submitReminderEmail()[pri:1, instance:tst.shoestore.ShoeStore@7ac7a4e4]" name="submitReminderEmail" duration-ms="27861" started-at="2017-04-06T23:51:41Z" finished-at="2017-04-06T23:52:09Z">
          <reporter-output>
          </reporter-output>
        </test-method> <!-- submitReminderEmail -->
        <test-method status="PASS" signature="afterMethod()[pri:0, instance:tst.shoestore.ShoeStore@7ac7a4e4]" name="afterMethod" is-config="true" duration-ms="891" started-at="2017-04-06T23:52:09Z" finished-at="2017-04-06T23:52:09Z">
          <reporter-output>
          </reporter-output>
        </test-method> <!-- afterMethod -->
      </class> <!-- tst.shoestore.ShoeStore -->
    </test> <!-- RBShoeStore -->
  </suite> <!-- RBShoeStoreSuite -->
</testng-results>
