<?xml version="1.0" encoding="UTF-8"?>
<!-- Generated by org.testng.reporters.JUnitXMLReporter -->
<testsuite hostname="Sravan-PC" ignored="0" name="RBShoeStore" tests="2" failures="1" timestamp="06 Apr 2017 18:22:09 GMT" time="71.285" errors="0">
  <testcase name="monthNewReleaseDisplay" time="26.267" classname="tst.shoestore.ShoeStore">
    <failure type="java.lang.AssertionError" message="expected [All listed shoes have valid description, price and image] but found [There is no image for 1 shoe item in November&amp;apos;s products]">
      <![CDATA[java.lang.AssertionError: expected [All listed shoes have valid description, price and image] but found [There is no image for 1 shoe item in November's products]
	at tst.shoestore.ShoeStore.monthNewReleaseDisplay(ShoeStore.java:38)
... Removed 31 stack frames]]>
    </failure>
  </testcase> <!-- monthNewReleaseDisplay -->
  <testcase name="submitReminderEmail" time="27.861" classname="tst.shoestore.ShoeStore"/>
</testsuite> <!-- RBShoeStore -->
